#
# A fatal error has been detected by the Java Runtime Environment:
#
#  SIGSEGV (0xb) at pc=0x000000011d7be395, pid=17060, tid=3335
#
# JRE version: Java(TM) SE Runtime Environment (7.0_45-b18) (build 1.7.0_45-b18)
# Java VM: Java HotSpot(TM) 64-Bit Server VM (24.45-b08 mixed mode bsd-amd64 compressed oops)
# Problematic frame:
# C  [libcapstone.dylib+0x2395]  cs_op_count+0x5f5
#
# Failed to write core dump. Core dumps have been disabled. To enable core dumping, try "ulimit -c unlimited" before starting Java again
#
# If you would like to submit a bug report, please visit:
#   http://bugreport.sun.com/bugreport/crash.jsp
# The crash happened outside the Java Virtual Machine in native code.
# See problematic frame for where to report the bug.
#

---------------  T H R E A D  ---------------

Current thread (0x00007faf8300f000):  JavaThread "main" [_thread_in_native, id=3335, stack(0x000000010dc54000,0x000000010dd54000)]

siginfo:si_signo=SIGSEGV: si_errno=0, si_code=0 (SEGV0), si_addr=0x0000000000000000

Registers:
RAX=0x000000011d7becb0, RBX=0x0000000000000001, RCX=0x000000011d7b3ebb, RDX=0x0000000000000002
RSP=0x000000010dd52a48, RBP=0x000000010dd52a70, RSI=0x000000011d7be395, RDI=0x00007faf82f2da60
R8 =0x0000000000000008, R9 =0x000000010dd52a70, R10=0x000000010dd529d0, R11=0x000000011d7bdda0
R12=0x0000000000000004, R13=0x0000000000000003, R14=0x001e7faf84145e00, R15=0x000000010dd52bc0
RIP=0x000000011d7be395, EFLAGS=0x0000000000010207, ERR=0x0000000000000000
  TRAPNO=0x000000000000000d

Top of Stack: (sp=0x000000010dd52a48)
0x000000010dd52a48:   0000000000000001 0000000000000004
0x000000010dd52a58:   0000000000000003 000000010dd52c60
0x000000010dd52a68:   000000010dd52bc0 000000010dd52a80
0x000000010dd52a78:   000000011d7b494c 000000000000000a
0x000000010dd52a88:   000000010dd53568 000000010dd52b80
0x000000010dd52a98:   000000011d7b4456 000000010dd52ad0
0x000000010dd52aa8:   000000011d7b3ebb 0000000000000010
0x000000010dd52ab8:   000000010dd52b30 000000010dd52cd0
0x000000010dd52ac8:   000000010dd52b44 000000010dd52b40
0x000000010dd52ad8:   000000010dd52b30 000000010dd52b90
0x000000010dd52ae8:   000000010dd53568 000000011d7bdda0
0x000000010dd52af8:   000000010dd52cd0 000000010dd529d0
0x000000010dd52b08:   000000010dd52a80 0000000000000003
0x000000010dd52b18:   0000000300000003 000000010dd529d0
0x000000010dd52b28:   0000000100000000 0000000100000002
0x000000010dd52b38:   000000010dd52cd0 0000000100000000
0x000000010dd52b48:   c50092e244b85733 000000010dd52ba8
0x000000010dd52b58:   000000010dd52cd0 000000010dd52c68
0x000000010dd52b68:   00007faf8300f1e8 000000010dd52ba8
0x000000010dd52b78:   000000010dd52bd8 000000010dd53550
0x000000010dd52b88:   000000011d7ab2f5 000000010dd52c50
0x000000010dd52b98:   000000010dd52c58 000000010dd52c60
0x000000010dd52ba8:   0000000000000001 000000010dd52bb0
0x000000010dd52bb8:   00000006fb08c6d8 000000011d7b6db0
0x000000010dd52bc8:   000000011d7b6dd0 000000011d7b6d70
0x000000010dd52bd8:   00000006fb08c6f0 0000000000000000
0x000000010dd52be8:   000000010dd52c00 000000010dd52c58
0x000000010dd52bf8:   000000010dd5c350 000000000000007a
0x000000010dd52c08:   0000000000000078 0000000000000061
0x000000010dd52c18:   000000010dd52c18 00000006fb08ccf3
0x000000010dd52c28:   000000010dd52c78 0000000000000003
0x000000010dd52c38:   00007faf8300f1e8 000000010dd52c70 

Instructions: (pc=0x000000011d7be395)
0x000000011d7be375:   76 49 8d 4c ce 38 39 11 0f 94 c3 0f b6 fb 01 f8
0x000000011d7be385:   48 83 c1 18 ff c6 44 39 d6 72 eb e9 6d fa ff ff
0x000000011d7be395:   45 0f b6 56 58 31 c0 45 85 d2 0f 84 5d fa ff ff
0x000000011d7be3a5:   45 8d 4a ff 49 ff c1 4c 89 d0 48 83 e0 07 31 f6 

Register to memory mapping:

RAX=0x000000011d7becb0: cs_op_count+0xf10 in /usr/lib/libcapstone.dylib at 0x000000011d7bc000
RBX=0x0000000000000001 is an unknown value
RCX=0x000000011d7b3ebb: ffi_closure_alloc+0x1bfb in /private/var/folders/l0/y303fs4d2y793wwykskdtcc80000gn/T/jna-1437842033/jna6952186334369576447.tmp at 0x000000011d7a7000
RDX=0x0000000000000002 is an unknown value
RSP=0x000000010dd52a48 is pointing into the stack for thread: 0x00007faf8300f000
RBP=0x000000010dd52a70 is pointing into the stack for thread: 0x00007faf8300f000
RSI=0x000000011d7be395: cs_op_count+0x5f5 in /usr/lib/libcapstone.dylib at 0x000000011d7bc000
RDI=0x00007faf82f2da60 is an unknown value
R8 =0x0000000000000008 is an unknown value
R9 =0x000000010dd52a70 is pointing into the stack for thread: 0x00007faf8300f000
R10=0x000000010dd529d0 is pointing into the stack for thread: 0x00007faf8300f000
R11=0x000000011d7bdda0: cs_op_count+0 in /usr/lib/libcapstone.dylib at 0x000000011d7bc000
R12=0x0000000000000004 is an unknown value
R13=0x0000000000000003 is an unknown value
R14=0x001e7faf84145e00 is an unknown value
R15=0x000000010dd52bc0 is pointing into the stack for thread: 0x00007faf8300f000


Stack: [0x000000010dc54000,0x000000010dd54000],  sp=0x000000010dd52a48,  free space=1018k
Native frames: (J=compiled Java code, j=interpreted, Vv=VM code, C=native code)
C  [libcapstone.dylib+0x2395]  cs_op_count+0x5f5
C  [jna6952186334369576447.tmp+0xd94c]  ffi_call_unix64+0x4c

Java frames: (J=compiled Java code, j=interpreted, Vv=VM code)
j  com.sun.jna.Native.invokeInt(JI[Ljava/lang/Object;)I+0
j  com.sun.jna.Function.invoke([Ljava/lang/Object;Ljava/lang/Class;Z)Ljava/lang/Object;+225
j  com.sun.jna.Function.invoke(Ljava/lang/Class;[Ljava/lang/Object;Ljava/util/Map;)Ljava/lang/Object;+262
j  com.sun.jna.Library$Handler.invoke(Ljava/lang/Object;Ljava/lang/reflect/Method;[Ljava/lang/Object;)Ljava/lang/Object;+316
j  capstone.$Proxy0.cs_op_count(Lcom/sun/jna/NativeLong;Lcom/sun/jna/Pointer;I)I+27
j  capstone.Capstone$CsInsn.opCount(I)I+16
j  TestX86.print_ins_detail(Lcapstone/Capstone$CsInsn;)V+317
j  TestX86.main([Ljava/lang/String;)V+259
v  ~StubRoutines::call_stub

---------------  P R O C E S S  ---------------

Java Threads: ( => current thread )
  0x00007faf85801000 JavaThread "Service Thread" daemon [_thread_blocked, id=21251, stack(0x000000011d573000,0x000000011d673000)]
  0x00007faf85800000 JavaThread "C2 CompilerThread1" daemon [_thread_blocked, id=20739, stack(0x000000011d470000,0x000000011d570000)]
  0x00007faf83027000 JavaThread "C2 CompilerThread0" daemon [_thread_blocked, id=20227, stack(0x000000011d36d000,0x000000011d46d000)]
  0x00007faf83026000 JavaThread "Signal Dispatcher" daemon [_thread_blocked, id=19715, stack(0x000000011d26a000,0x000000011d36a000)]
  0x00007faf83021000 JavaThread "Finalizer" daemon [_thread_blocked, id=14595, stack(0x000000011d01e000,0x000000011d11e000)]
  0x00007faf85000000 JavaThread "Reference Handler" daemon [_thread_blocked, id=14083, stack(0x000000011cf1b000,0x000000011d01b000)]
=>0x00007faf8300f000 JavaThread "main" [_thread_in_native, id=3335, stack(0x000000010dc54000,0x000000010dd54000)]

Other Threads:
  0x00007faf84041800 VMThread [stack: 0x000000011ce18000,0x000000011cf18000] [id=13571]
  0x00007faf85809800 WatcherThread [stack: 0x000000011d676000,0x000000011d776000] [id=21763]

VM state:not at safepoint (normal execution)

VM Mutex/Monitor currently owned by a thread: None

Heap
 PSYoungGen      total 76800K, used 14563K [0x00000007aaa80000, 0x00000007b0000000, 0x0000000800000000)
  eden space 66048K, 22% used [0x00000007aaa80000,0x00000007ab8b8f28,0x00000007aeb00000)
  from space 10752K, 0% used [0x00000007af580000,0x00000007af580000,0x00000007b0000000)
  to   space 10752K, 0% used [0x00000007aeb00000,0x00000007aeb00000,0x00000007af580000)
 ParOldGen       total 174592K, used 0K [0x0000000700000000, 0x000000070aa80000, 0x00000007aaa80000)
  object space 174592K, 0% used [0x0000000700000000,0x0000000700000000,0x000000070aa80000)
 PSPermGen       total 21504K, used 4307K [0x00000006fae00000, 0x00000006fc300000, 0x0000000700000000)
  object space 21504K, 20% used [0x00000006fae00000,0x00000006fb234de0,0x00000006fc300000)

Card table byte_map: [0x0000000110e16000,0x0000000111640000] byte_map_base: 0x000000010d63f000

Polling page: 0x000000010c1e7000

Code Cache  [0x000000010dd56000, 0x000000010dfc6000, 0x0000000110d56000)
 total_blobs=321 nmethods=106 adapters=169 free_code_cache=48564Kb largest_free_block=49703744

Compilation events (10 events):
Event: 0.639 Thread 0x00007faf83027000  102             java.util.regex.Pattern$Single::isSatisfiedBy (14 bytes)
Event: 0.639 Thread 0x00007faf83027000 nmethod 102 0x000000010dde1250 code [0x000000010dde1380, 0x000000010dde13f8]
Event: 0.640 Thread 0x00007faf85800000 nmethod 101 0x000000010dde2450 code [0x000000010dde25c0, 0x000000010dde2908]
Event: 0.642 Thread 0x00007faf83027000  103             java.util.Formatter::checkText (58 bytes)
Event: 0.645 Thread 0x00007faf83027000 nmethod 103 0x000000010dde0d90 code [0x000000010dde0ee0, 0x000000010dde1108]
Event: 0.646 Thread 0x00007faf85800000  104             java.lang.Class::privateGetDeclaredFields (113 bytes)
Event: 0.650 Thread 0x00007faf85800000 nmethod 104 0x000000010dde1a50 code [0x000000010dde1c20, 0x000000010dde2090]
Event: 0.651 Thread 0x00007faf83027000  105             java.util.WeakHashMap::containsKey (14 bytes)
Event: 0.655 Thread 0x00007faf83027000 nmethod 105 0x000000010ddeb690 code [0x000000010ddeb800, 0x000000010ddeba88]
Event: 0.657 Thread 0x00007faf85800000  106             java.lang.Class::searchMethods (90 bytes)

GC Heap History (0 events):
No events

Deoptimization events (6 events):
Event: 0.462 Thread 0x00007faf8300f000 Uncommon trap: reason=bimorphic action=maybe_recompile pc=0x000000010ddcc504 method=java.util.HashMap.getEntry(Ljava/lang/Object;)Ljava/util/HashMap$Entry; @ 68
Event: 0.492 Thread 0x00007faf8300f000 Uncommon trap: reason=null_check action=make_not_entrant pc=0x000000010ddd5cd4 method=com.sun.jna.Native.getNativeSize(Ljava/lang/Class;Ljava/lang/Object;)I @ 64
Event: 0.515 Thread 0x00007faf8300f000 Uncommon trap: reason=null_check action=make_not_entrant pc=0x000000010ddd2c6c method=com.sun.jna.Native.getNativeSize(Ljava/lang/Class;)I @ 4
Event: 0.558 Thread 0x00007faf8300f000 Uncommon trap: reason=bimorphic action=maybe_recompile pc=0x000000010ddcc504 method=java.util.HashMap.getEntry(Ljava/lang/Object;)Ljava/util/HashMap$Entry; @ 68
Event: 0.578 Thread 0x00007faf8300f000 Uncommon trap: reason=null_check action=make_not_entrant pc=0x000000010dddd3ac method=com.sun.jna.Structure.size(Ljava/lang/Class;Lcom/sun/jna/Structure;)I @ 15
Event: 0.587 Thread 0x00007faf8300f000 Uncommon trap: reason=null_check action=make_not_entrant pc=0x000000010dde3eb0 method=com.sun.jna.Structure.size(Ljava/lang/Class;Lcom/sun/jna/Structure;)I @ 15

Internal exceptions (10 events):
Event: 0.213 Thread 0x00007faf8300f000 Threw 0x00000007aad807a0 at /HUDSON/workspace/7u-2-build-macosx-x86_64/jdk7u45/229/hotspot/src/share/vm/prims/jvm.cpp:1244
Event: 0.215 Thread 0x00007faf8300f000 Threw 0x00000007aad8dbe8 at /HUDSON/workspace/7u-2-build-macosx-x86_64/jdk7u45/229/hotspot/src/share/vm/prims/jvm.cpp:1244
Event: 0.216 Thread 0x00007faf8300f000 Threw 0x00000007aad8f9c8 at /HUDSON/workspace/7u-2-build-macosx-x86_64/jdk7u45/229/hotspot/src/share/vm/prims/jvm.cpp:1244
Event: 0.216 Thread 0x00007faf8300f000 Threw 0x00000007aad91960 at /HUDSON/workspace/7u-2-build-macosx-x86_64/jdk7u45/229/hotspot/src/share/vm/prims/jvm.cpp:1244
Event: 0.217 Thread 0x00007faf8300f000 Threw 0x00000007aad95178 at /HUDSON/workspace/7u-2-build-macosx-x86_64/jdk7u45/229/hotspot/src/share/vm/prims/jvm.cpp:1244
Event: 0.217 Thread 0x00007faf8300f000 Threw 0x00000007aad98ba8 at /HUDSON/workspace/7u-2-build-macosx-x86_64/jdk7u45/229/hotspot/src/share/vm/prims/jvm.cpp:1244
Event: 0.492 Thread 0x00007faf8300f000 Implicit null exception at 0x000000010ddd513b to 0x000000010ddd5cc1
Event: 0.515 Thread 0x00007faf8300f000 Implicit null exception at 0x000000010ddd2913 to 0x000000010ddd2c5d
Event: 0.578 Thread 0x00007faf8300f000 Implicit null exception at 0x000000010dddca63 to 0x000000010dddd3a1
Event: 0.587 Thread 0x00007faf8300f000 Implicit null exception at 0x000000010dde3563 to 0x000000010dde3ea5

Events (10 events):
Event: 0.515 Thread 0x00007faf8300f000 DEOPT UNPACKING pc=0x000000010dd8f045 sp=0x000000010dd52be0 mode 2
Event: 0.558 Thread 0x00007faf8300f000 Uncommon trap: trap_request=0xffffffc6 fr.pc=0x000000010ddcc504
Event: 0.558 Thread 0x00007faf8300f000 DEOPT PACKING pc=0x000000010ddcc504 sp=0x000000010dd53600
Event: 0.558 Thread 0x00007faf8300f000 DEOPT UNPACKING pc=0x000000010dd8f045 sp=0x000000010dd535c8 mode 2
Event: 0.578 Thread 0x00007faf8300f000 Uncommon trap: trap_request=0xfffffff4 fr.pc=0x000000010dddd3ac
Event: 0.578 Thread 0x00007faf8300f000 DEOPT PACKING pc=0x000000010dddd3ac sp=0x000000010dd527a0
Event: 0.578 Thread 0x00007faf8300f000 DEOPT UNPACKING pc=0x000000010dd8f045 sp=0x000000010dd52680 mode 2
Event: 0.587 Thread 0x00007faf8300f000 Uncommon trap: trap_request=0xfffffff4 fr.pc=0x000000010dde3eb0
Event: 0.587 Thread 0x00007faf8300f000 DEOPT PACKING pc=0x000000010dde3eb0 sp=0x000000010dd52740
Event: 0.587 Thread 0x00007faf8300f000 DEOPT UNPACKING pc=0x000000010dd8f045 sp=0x000000010dd52680 mode 2


Dynamic libraries:
0x000000000adb7000 	/System/Library/Frameworks/Cocoa.framework/Versions/A/Cocoa
0x000000000adb7000 	/System/Library/Frameworks/Security.framework/Versions/A/Security
0x000000000adb7000 	/System/Library/Frameworks/ApplicationServices.framework/Versions/A/ApplicationServices
0x000000000adb7000 	/usr/lib/libz.1.dylib
0x000000000adb7000 	/usr/lib/libSystem.B.dylib
0x000000000adb7000 	/usr/lib/libobjc.A.dylib
0x000000000adb7000 	/System/Library/Frameworks/CoreFoundation.framework/Versions/A/CoreFoundation
0x000000000adb7000 	/System/Library/Frameworks/Foundation.framework/Versions/C/Foundation
0x000000000adb7000 	/System/Library/Frameworks/AppKit.framework/Versions/C/AppKit
0x000000000adb7000 	/System/Library/Frameworks/CoreData.framework/Versions/A/CoreData
0x000000000adb7000 	/System/Library/PrivateFrameworks/RemoteViewServices.framework/Versions/A/RemoteViewServices
0x000000000adb7000 	/System/Library/Frameworks/AudioToolbox.framework/Versions/A/AudioToolbox
0x000000000adb7000 	/System/Library/Frameworks/AudioUnit.framework/Versions/A/AudioUnit
0x000000000adb7000 	/System/Library/PrivateFrameworks/DataDetectorsCore.framework/Versions/A/DataDetectorsCore
0x000000000adb7000 	/System/Library/PrivateFrameworks/DesktopServicesPriv.framework/Versions/A/DesktopServicesPriv
0x000000000adb7000 	/System/Library/Frameworks/Carbon.framework/Versions/A/Frameworks/HIToolbox.framework/Versions/A/HIToolbox
0x000000000adb7000 	/System/Library/Frameworks/QuartzCore.framework/Versions/A/QuartzCore
0x000000000adb7000 	/System/Library/Frameworks/Carbon.framework/Versions/A/Frameworks/SpeechRecognition.framework/Versions/A/SpeechRecognition
0x000000000adb7000 	/usr/lib/libauto.dylib
0x000000000adb7000 	/usr/lib/libicucore.A.dylib
0x000000000adb7000 	/usr/lib/libxml2.2.dylib
0x000000000adb7000 	/System/Library/PrivateFrameworks/CoreUI.framework/Versions/A/CoreUI
0x000000000adb7000 	/System/Library/Frameworks/CoreAudio.framework/Versions/A/CoreAudio
0x000000000adb7000 	/System/Library/Frameworks/DiskArbitration.framework/Versions/A/DiskArbitration
0x000000000adb7000 	/usr/lib/liblangid.dylib
0x000000000adb7000 	/System/Library/PrivateFrameworks/MultitouchSupport.framework/Versions/A/MultitouchSupport
0x000000000adb7000 	/System/Library/Frameworks/IOKit.framework/Versions/A/IOKit
0x000000000adb7000 	/usr/lib/libDiagnosticMessagesClient.dylib
0x000000000adb7000 	/System/Library/Frameworks/CoreServices.framework/Versions/A/CoreServices
0x000000000adb7000 	/System/Library/PrivateFrameworks/PerformanceAnalysis.framework/Versions/A/PerformanceAnalysis
0x000000000adb7000 	/System/Library/PrivateFrameworks/GenerationalStorage.framework/Versions/A/GenerationalStorage
0x000000000adb7000 	/System/Library/Frameworks/OpenGL.framework/Versions/A/OpenGL
0x000000000adb7000 	/System/Library/PrivateFrameworks/Sharing.framework/Versions/A/Sharing
0x000000000adb7000 	/System/Library/Frameworks/ImageIO.framework/Versions/A/ImageIO
0x000000000adb7000 	/System/Library/Frameworks/CoreText.framework/Versions/A/CoreText
0x000000000adb7000 	/System/Library/Frameworks/CoreGraphics.framework/Versions/A/CoreGraphics
0x000000000adb7000 	/System/Library/PrivateFrameworks/Backup.framework/Versions/A/Backup
0x000000000adb7000 	/System/Library/Frameworks/CFNetwork.framework/Versions/A/CFNetwork
0x000000000adb7000 	/System/Library/Frameworks/SystemConfiguration.framework/Versions/A/SystemConfiguration
0x000000000adb7000 	/usr/lib/libCRFSuite.dylib
0x000000000adb7000 	/usr/lib/libc++.1.dylib
0x000000000adb7000 	/usr/lib/libc++abi.dylib
0x000000000adb7000 	/usr/lib/system/libcache.dylib
0x000000000adb7000 	/usr/lib/system/libcommonCrypto.dylib
0x000000000adb7000 	/usr/lib/system/libcompiler_rt.dylib
0x000000000adb7000 	/usr/lib/system/libcopyfile.dylib
0x000000000adb7000 	/usr/lib/system/libcorecrypto.dylib
0x000000000adb7000 	/usr/lib/system/libdispatch.dylib
0x000000000adb7000 	/usr/lib/system/libdyld.dylib
0x000000000adb7000 	/usr/lib/system/libkeymgr.dylib
0x000000000adb7000 	/usr/lib/system/liblaunch.dylib
0x000000000adb7000 	/usr/lib/system/libmacho.dylib
0x000000000adb7000 	/usr/lib/system/libquarantine.dylib
0x000000000adb7000 	/usr/lib/system/libremovefile.dylib
0x000000000adb7000 	/usr/lib/system/libsystem_asl.dylib
0x000000000adb7000 	/usr/lib/system/libsystem_blocks.dylib
0x000000000adb7000 	/usr/lib/system/libsystem_c.dylib
0x000000000adb7000 	/usr/lib/system/libsystem_configuration.dylib
0x000000000adb7000 	/usr/lib/system/libsystem_dnssd.dylib
0x000000000adb7000 	/usr/lib/system/libsystem_info.dylib
0x000000000adb7000 	/usr/lib/system/libsystem_kernel.dylib
0x000000000adb7000 	/usr/lib/system/libsystem_m.dylib
0x000000000adb7000 	/usr/lib/system/libsystem_malloc.dylib
0x000000000adb7000 	/usr/lib/system/libsystem_network.dylib
0x000000000adb7000 	/usr/lib/system/libsystem_notify.dylib
0x000000000adb7000 	/usr/lib/system/libsystem_platform.dylib
0x000000000adb7000 	/usr/lib/system/libsystem_pthread.dylib
0x000000000adb7000 	/usr/lib/system/libsystem_sandbox.dylib
0x000000000adb7000 	/usr/lib/system/libsystem_stats.dylib
0x000000000adb7000 	/usr/lib/system/libunc.dylib
0x000000000adb7000 	/usr/lib/system/libunwind.dylib
0x000000000adb7000 	/usr/lib/system/libxpc.dylib
0x000000000adb7000 	/usr/lib/libbsm.0.dylib
0x000000000adb7000 	/usr/lib/libsqlite3.dylib
0x000000000adb7000 	/usr/lib/libxar.1.dylib
0x000000000adb7000 	/usr/lib/libpam.2.dylib
0x000000000adb7000 	/usr/lib/libOpenScriptingUtil.dylib
0x000000000adb7000 	/usr/lib/libbz2.1.0.dylib
0x000000000adb7000 	/System/Library/Frameworks/CoreServices.framework/Versions/A/Frameworks/CarbonCore.framework/Versions/A/CarbonCore
0x000000000adb7000 	/System/Library/Frameworks/CoreServices.framework/Versions/A/Frameworks/Metadata.framework/Versions/A/Metadata
0x000000000adb7000 	/System/Library/Frameworks/CoreServices.framework/Versions/A/Frameworks/OSServices.framework/Versions/A/OSServices
0x000000000adb7000 	/System/Library/Frameworks/CoreServices.framework/Versions/A/Frameworks/SearchKit.framework/Versions/A/SearchKit
0x000000000adb7000 	/System/Library/Frameworks/CoreServices.framework/Versions/A/Frameworks/AE.framework/Versions/A/AE
0x000000000adb7000 	/System/Library/Frameworks/CoreServices.framework/Versions/A/Frameworks/LaunchServices.framework/Versions/A/LaunchServices
0x000000000adb7000 	/System/Library/Frameworks/CoreServices.framework/Versions/A/Frameworks/DictionaryServices.framework/Versions/A/DictionaryServices
0x000000000adb7000 	/System/Library/Frameworks/NetFS.framework/Versions/A/NetFS
0x000000000adb7000 	/usr/lib/system/libkxld.dylib
0x000000000adb7000 	/System/Library/PrivateFrameworks/NetAuth.framework/Versions/A/NetAuth
0x000000000adb7000 	/System/Library/PrivateFrameworks/TCC.framework/Versions/A/TCC
0x000000000adb7000 	/System/Library/Frameworks/OpenDirectory.framework/Versions/A/Frameworks/CFOpenDirectory.framework/Versions/A/CFOpenDirectory
0x000000000adb7000 	/System/Library/Frameworks/ServiceManagement.framework/Versions/A/ServiceManagement
0x000000000adb7000 	/usr/lib/libxslt.1.dylib
0x000000000adb7000 	/System/Library/Frameworks/Carbon.framework/Versions/A/Frameworks/Ink.framework/Versions/A/Ink
0x000000000adb7000 	/System/Library/Frameworks/ApplicationServices.framework/Versions/A/Frameworks/ATS.framework/Versions/A/ATS
0x000000000adb7000 	/System/Library/Frameworks/ApplicationServices.framework/Versions/A/Frameworks/ColorSync.framework/Versions/A/ColorSync
0x000000000adb7000 	/System/Library/Frameworks/ApplicationServices.framework/Versions/A/Frameworks/HIServices.framework/Versions/A/HIServices
0x000000000adb7000 	/System/Library/Frameworks/ApplicationServices.framework/Versions/A/Frameworks/LangAnalysis.framework/Versions/A/LangAnalysis
0x000000000adb7000 	/System/Library/Frameworks/ApplicationServices.framework/Versions/A/Frameworks/PrintCore.framework/Versions/A/PrintCore
0x000000000adb7000 	/System/Library/Frameworks/ApplicationServices.framework/Versions/A/Frameworks/QD.framework/Versions/A/QD
0x000000000adb7000 	/System/Library/Frameworks/ApplicationServices.framework/Versions/A/Frameworks/SpeechSynthesis.framework/Versions/A/SpeechSynthesis
0x000000000adb7000 	/System/Library/Frameworks/IOSurface.framework/Versions/A/IOSurface
0x000000000adb7000 	/System/Library/Frameworks/Accelerate.framework/Versions/A/Accelerate
0x000000000adb7000 	/System/Library/Frameworks/Accelerate.framework/Versions/A/Frameworks/vImage.framework/Versions/A/vImage
0x000000000adb7000 	/System/Library/Frameworks/Accelerate.framework/Versions/A/Frameworks/vecLib.framework/Versions/A/vecLib
0x000000000adb7000 	/System/Library/Frameworks/Accelerate.framework/Versions/A/Frameworks/vecLib.framework/Versions/A/libvDSP.dylib
0x000000000adb7000 	/System/Library/Frameworks/Accelerate.framework/Versions/A/Frameworks/vecLib.framework/Versions/A/libvMisc.dylib
0x000000000adb7000 	/System/Library/Frameworks/Accelerate.framework/Versions/A/Frameworks/vecLib.framework/Versions/A/libLAPACK.dylib
0x000000000adb7000 	/System/Library/Frameworks/Accelerate.framework/Versions/A/Frameworks/vecLib.framework/Versions/A/libBLAS.dylib
0x000000000adb7000 	/System/Library/Frameworks/ApplicationServices.framework/Versions/A/Frameworks/ATS.framework/Versions/A/Resources/libFontParser.dylib
0x000000000adb7000 	/System/Library/Frameworks/ApplicationServices.framework/Versions/A/Frameworks/ATS.framework/Versions/A/Resources/libFontRegistry.dylib
0x000000000adb7000 	/System/Library/Frameworks/ImageIO.framework/Versions/A/Resources/libJPEG.dylib
0x000000000adb7000 	/System/Library/Frameworks/ImageIO.framework/Versions/A/Resources/libTIFF.dylib
0x000000000adb7000 	/System/Library/Frameworks/ImageIO.framework/Versions/A/Resources/libPng.dylib
0x000000000adb7000 	/System/Library/Frameworks/ImageIO.framework/Versions/A/Resources/libGIF.dylib
0x000000000adb7000 	/System/Library/Frameworks/ImageIO.framework/Versions/A/Resources/libJP2.dylib
0x000000000adb7000 	/System/Library/Frameworks/ImageIO.framework/Versions/A/Resources/libRadiance.dylib
0x000000000adb7000 	/usr/lib/libcups.2.dylib
0x000000000adb7000 	/System/Library/Frameworks/Kerberos.framework/Versions/A/Kerberos
0x000000000adb7000 	/System/Library/Frameworks/GSS.framework/Versions/A/GSS
0x000000000adb7000 	/usr/lib/libresolv.9.dylib
0x000000000adb7000 	/usr/lib/libiconv.2.dylib
0x000000000adb7000 	/System/Library/PrivateFrameworks/Heimdal.framework/Versions/A/Heimdal
0x000000000adb7000 	/System/Library/PrivateFrameworks/TrustEvaluationAgent.framework/Versions/A/TrustEvaluationAgent
0x000000000adb7000 	/usr/lib/libheimdal-asn1.dylib
0x000000000adb7000 	/System/Library/Frameworks/OpenDirectory.framework/Versions/A/OpenDirectory
0x000000000adb7000 	/System/Library/PrivateFrameworks/CommonAuth.framework/Versions/A/CommonAuth
0x000000000adb7000 	/System/Library/Frameworks/SecurityFoundation.framework/Versions/A/SecurityFoundation
0x000000000adb7000 	/System/Library/PrivateFrameworks/Bom.framework/Versions/A/Bom
0x000000000adb7000 	/System/Library/Frameworks/CoreVideo.framework/Versions/A/CoreVideo
0x000000000adb7000 	/System/Library/Frameworks/QuartzCore.framework/Versions/A/Frameworks/CoreImage.framework/Versions/A/CoreImage
0x000000000adb7000 	/System/Library/Frameworks/QuartzCore.framework/Versions/A/Frameworks/ScalableUserInterface.framework/Versions/A/ScalableUserInterface
0x000000000adb7000 	/System/Library/Frameworks/OpenGL.framework/Versions/A/Libraries/libGLU.dylib
0x000000000adb7000 	/System/Library/Frameworks/OpenGL.framework/Versions/A/Libraries/libGFXShared.dylib
0x000000000adb7000 	/System/Library/Frameworks/OpenGL.framework/Versions/A/Libraries/libGL.dylib
0x000000000adb7000 	/System/Library/Frameworks/OpenGL.framework/Versions/A/Libraries/libGLImage.dylib
0x000000000adb7000 	/System/Library/Frameworks/OpenGL.framework/Versions/A/Libraries/libCVMSPluginSupport.dylib
0x000000000adb7000 	/System/Library/Frameworks/OpenGL.framework/Versions/A/Libraries/libCoreVMClient.dylib
0x000000000adb7000 	/System/Library/PrivateFrameworks/FaceCore.framework/Versions/A/FaceCore
0x000000000adb7000 	/System/Library/PrivateFrameworks/CrashReporterSupport.framework/Versions/A/CrashReporterSupport
0x000000000adb7000 	/System/Library/Frameworks/OpenCL.framework/Versions/A/OpenCL
0x000000000adb7000 	/System/Library/PrivateFrameworks/AppleFSCompression.framework/Versions/A/AppleFSCompression
0x000000000adb7000 	/System/Library/PrivateFrameworks/Ubiquity.framework/Versions/A/Ubiquity
0x000000000adb7000 	/System/Library/PrivateFrameworks/IconServices.framework/Versions/A/IconServices
0x000000000adb7000 	/System/Library/PrivateFrameworks/ChunkingLibrary.framework/Versions/A/ChunkingLibrary
0x000000000adb7000 	/System/Library/PrivateFrameworks/CoreSymbolication.framework/Versions/A/CoreSymbolication
0x000000000adb7000 	/System/Library/PrivateFrameworks/Symbolication.framework/Versions/A/Symbolication
0x000000000adb7000 	/System/Library/PrivateFrameworks/DebugSymbols.framework/Versions/A/DebugSymbols
0x000000010d200000 	/Library/Java/JavaVirtualMachines/jdk1.7.0_45.jdk/Contents/Home/jre/lib/server/libjvm.dylib
0x000000000adb7000 	/usr/lib/libstdc++.6.dylib
0x000000010c1aa000 	/Library/Java/JavaVirtualMachines/jdk1.7.0_45.jdk/Contents/Home/jre/lib/libverify.dylib
0x000000010c1b7000 	/Library/Java/JavaVirtualMachines/jdk1.7.0_45.jdk/Contents/Home/jre/lib/libjava.dylib
0x000000010c1f1000 	/Library/Java/JavaVirtualMachines/jdk1.7.0_45.jdk/Contents/Home/jre/lib/libzip.dylib
0x000000011d120000 	/System/Library/Frameworks/JavaVM.framework/Frameworks/JavaRuntimeSupport.framework/JavaRuntimeSupport
0x000000011d138000 	/System/Library/Frameworks/JavaVM.framework/Versions/A/Frameworks/JavaNativeFoundation.framework/Versions/A/JavaNativeFoundation
0x000000011d14c000 	/System/Library/Frameworks/JavaVM.framework/Versions/A/JavaVM
0x000000000adb7000 	/System/Library/Frameworks/Carbon.framework/Versions/A/Carbon
0x000000011d158000 	/System/Library/PrivateFrameworks/JavaLaunching.framework/Versions/A/JavaLaunching
0x000000000adb7000 	/System/Library/Frameworks/Carbon.framework/Versions/A/Frameworks/CommonPanels.framework/Versions/A/CommonPanels
0x000000000adb7000 	/System/Library/Frameworks/Carbon.framework/Versions/A/Frameworks/Help.framework/Versions/A/Help
0x000000000adb7000 	/System/Library/Frameworks/Carbon.framework/Versions/A/Frameworks/ImageCapture.framework/Versions/A/ImageCapture
0x000000000adb7000 	/System/Library/Frameworks/Carbon.framework/Versions/A/Frameworks/OpenScripting.framework/Versions/A/OpenScripting
0x000000000adb7000 	/System/Library/Frameworks/Carbon.framework/Versions/A/Frameworks/Print.framework/Versions/A/Print
0x000000000adb7000 	/System/Library/Frameworks/Carbon.framework/Versions/A/Frameworks/SecurityHI.framework/Versions/A/SecurityHI
0x000000011d7a7000 	/private/var/folders/l0/y303fs4d2y793wwykskdtcc80000gn/T/jna-1437842033/jna6952186334369576447.tmp
0x000000011d7bc000 	/usr/lib/libcapstone.dylib

VM Arguments:
java_command: TestX86
Launcher Type: SUN_STANDARD

Environment Variables:
PATH=/Users/danghvu/.rvm/gems/ruby-1.8.7-p374/bin:/Users/danghvu/.rvm/gems/ruby-1.8.7-p374@global/bin:/Users/danghvu/.rvm/rubies/ruby-1.8.7-p374/bin:/usr/bin:/bin:/usr/sbin:/sbin:/usr/local/bin:/opt/X11/bin:/usr/local/go/bin:/usr/local/MacGPG2/bin:/usr/texbin:/usr/local/homebrew/bin/:/Users/danghvu/opt/bin:/Users/danghvu/.rvm/bin:/Users/danghvu/.rvm/bin
LD_LIBRARY_PATH=:/Users/danghvu/opt/lib
SHELL=/bin/bash
DISPLAY=/tmp/launch-LKpOvb/org.macosforge.xquartz:0

Signal Handlers:
SIGSEGV: [libjvm.dylib+0x525415], sa_mask[0]=0xfffefeff, sa_flags=0x00000043
SIGBUS: [libjvm.dylib+0x525415], sa_mask[0]=0xfffefeff, sa_flags=0x00000042
SIGFPE: [libjvm.dylib+0x41891a], sa_mask[0]=0xfffefeff, sa_flags=0x00000042
SIGPIPE: [libjvm.dylib+0x41891a], sa_mask[0]=0xfffefeff, sa_flags=0x00000042
SIGXFSZ: [libjvm.dylib+0x41891a], sa_mask[0]=0xfffefeff, sa_flags=0x00000042
SIGILL: [libjvm.dylib+0x41891a], sa_mask[0]=0xfffefeff, sa_flags=0x00000042
SIGUSR1: SIG_DFL, sa_mask[0]=0x00000000, sa_flags=0x00000000
SIGUSR2: [libjvm.dylib+0x41840c], sa_mask[0]=0x00000000, sa_flags=0x00000042
SIGHUP: [libjvm.dylib+0x41669b], sa_mask[0]=0xfffefeff, sa_flags=0x00000042
SIGINT: [libjvm.dylib+0x41669b], sa_mask[0]=0xfffefeff, sa_flags=0x00000042
SIGTERM: [libjvm.dylib+0x41669b], sa_mask[0]=0xfffefeff, sa_flags=0x00000042
SIGQUIT: [libjvm.dylib+0x41669b], sa_mask[0]=0xfffefeff, sa_flags=0x00000042


---------------  S Y S T E M  ---------------

OS:Bsduname:Darwin 13.4.0 Darwin Kernel Version 13.4.0: Sun Aug 17 19:50:11 PDT 2014; root:xnu-2422.115.4~1/RELEASE_X86_64 x86_64
rlimit: STACK 65532k, CORE 0k, NPROC 709, NOFILE 10240, AS infinity
load average:1.31 1.45 1.60

CPU:total 8 (4 cores per cpu, 2 threads per core) family 6 model 42 stepping 7, cmov, cx8, fxsr, mmx, sse, sse2, sse3, ssse3, sse4.1, sse4.2, popcnt, avx, aes, ht, tsc, tscinvbit

Memory: 4k page, physical 16777216k(4194304k free)

/proc/meminfo:


vm_info: Java HotSpot(TM) 64-Bit Server VM (24.45-b08) for bsd-amd64 JRE (1.7.0_45-b18), built on Oct  8 2013 05:54:16 by "java_re" with gcc 4.2.1 (Based on Apple Inc. build 5658) (LLVM build 2336.11.00)

time: Sat Sep 27 14:53:38 2014
elapsed time: 0 seconds

